# JRE version: Java(TM) SE Runtime Environment (14.0.1+7) (build 14.0.1+7)
# Java VM: Java HotSpot(TM) 64-Bit Server VM (14.0.1+7, mixed mode, sharing, tiered, compressed oops, g1 gc, windows-amd64)
Heap:
 garbage-first heap   total 78848K, used 45654K [0x00000000c2600000, 0x0000000100000000)
  region size 1024K, 15 young (15360K), 4 survivors (4096K)
 Metaspace       used 58492K, capacity 59887K, committed 60160K, reserved 1101824K
  class space    used 7389K, capacity 7914K, committed 7936K, reserved 1048576K
GC Heap History (20 events):
Event: 20.784 GC heap before
{Heap before GC invocations=18 (full 0):
 garbage-first heap   total 54272K, used 42569K [0x00000000c2600000, 0x0000000100000000)
  region size 1024K, 23 young (23552K), 2 survivors (2048K)
 Metaspace       used 36407K, capacity 37322K, committed 37632K, reserved 1081344K
  class space    used 4547K, capacity 4881K, committed 4992K, reserved 1048576K
}
Event: 20.797 GC heap after
{Heap after GC invocations=19 (full 0):
 garbage-first heap   total 54272K, used 22024K [0x00000000c2600000, 0x0000000100000000)
  region size 1024K, 3 young (3072K), 3 survivors (3072K)
 Metaspace       used 36407K, capacity 37322K, committed 37632K, reserved 1081344K
  class space    used 4547K, capacity 4881K, committed 4992K, reserved 1048576K
}
Event: 21.566 GC heap before
{Heap before GC invocations=19 (full 0):
 garbage-first heap   total 54272K, used 43528K [0x00000000c2600000, 0x0000000100000000)
  region size 1024K, 24 young (24576K), 3 survivors (3072K)
 Metaspace       used 36925K, capacity 37913K, committed 38016K, reserved 1083392K
  class space    used 4617K, capacity 4992K, committed 4992K, reserved 1048576K
}
Event: 21.578 GC heap after
{Heap after GC invocations=20 (full 0):
 garbage-first heap   total 54272K, used 22480K [0x00000000c2600000, 0x0000000100000000)
  region size 1024K, 2 young (2048K), 2 survivors (2048K)
 Metaspace       used 36925K, capacity 37913K, committed 38016K, reserved 1083392K
  class space    used 4617K, capacity 4992K, committed 4992K, reserved 1048576K
}
Event: 22.722 GC heap before
{Heap before GC invocations=20 (full 0):
 garbage-first heap   total 54272K, used 43984K [0x00000000c2600000, 0x0000000100000000)
  region size 1024K, 23 young (23552K), 2 survivors (2048K)
 Metaspace       used 37888K, capacity 38848K, committed 38912K, reserved 1083392K
  class space    used 4736K, capacity 5105K, committed 5120K, reserved 1048576K
}
Event: 22.735 GC heap after
{Heap after GC invocations=21 (full 0):
 garbage-first heap   total 65536K, used 23166K [0x00000000c2600000, 0x0000000100000000)
  region size 1024K, 3 young (3072K), 3 survivors (3072K)
 Metaspace       used 37888K, capacity 38848K, committed 38912K, reserved 1083392K
  class space    used 4736K, capacity 5105K, committed 5120K, reserved 1048576K
}
Event: 24.147 GC heap before
{Heap before GC invocations=21 (full 0):
 garbage-first heap   total 65536K, used 52862K [0x00000000c2600000, 0x0000000100000000)
  region size 1024K, 32 young (32768K), 3 survivors (3072K)
 Metaspace       used 41191K, capacity 42118K, committed 42240K, reserved 1085440K
  class space    used 5224K, capacity 5572K, committed 5632K, reserved 1048576K
}
Event: 24.162 GC heap after
{Heap after GC invocations=22 (full 0):
 garbage-first heap   total 65536K, used 24208K [0x00000000c2600000, 0x0000000100000000)
  region size 1024K, 4 young (4096K), 4 survivors (4096K)
 Metaspace       used 41191K, capacity 42118K, committed 42240K, reserved 1085440K
  class space    used 5224K, capacity 5572K, committed 5632K, reserved 1048576K
}
Event: 25.324 GC heap before
{Heap before GC invocations=22 (full 0):
 garbage-first heap   total 65536K, used 52880K [0x00000000c2600000, 0x0000000100000000)
  region size 1024K, 32 young (32768K), 4 survivors (4096K)
 Metaspace       used 42947K, capacity 43931K, committed 44288K, reserved 1087488K
  class space    used 5438K, capacity 5786K, committed 5888K, reserved 1048576K
}
Event: 25.335 GC heap after
{Heap after GC invocations=23 (full 0):
 garbage-first heap   total 65536K, used 25613K [0x00000000c2600000, 0x0000000100000000)
  region size 1024K, 4 young (4096K), 4 survivors (4096K)
 Metaspace       used 42947K, capacity 43931K, committed 44288K, reserved 1087488K
  class space    used 5438K, capacity 5786K, committed 5888K, reserved 1048576K
}
Event: 26.777 GC heap before
{Heap before GC invocations=23 (full 0):
 garbage-first heap   total 65536K, used 52237K [0x00000000c2600000, 0x0000000100000000)
  region size 1024K, 30 young (30720K), 4 survivors (4096K)
 Metaspace       used 45454K, capacity 46559K, committed 46720K, reserved 1089536K
  class space    used 5772K, capacity 6187K, committed 6272K, reserved 1048576K
}
Event: 26.788 GC heap after
{Heap after GC invocations=24 (full 0):
 garbage-first heap   total 65536K, used 27083K [0x00000000c2600000, 0x0000000100000000)
  region size 1024K, 3 young (3072K), 3 survivors (3072K)
 Metaspace       used 45454K, capacity 46559K, committed 46720K, reserved 1089536K
  class space    used 5772K, capacity 6187K, committed 6272K, reserved 1048576K
}
Event: 28.501 GC heap before
{Heap before GC invocations=24 (full 0):
 garbage-first heap   total 65536K, used 53707K [0x00000000c2600000, 0x0000000100000000)
  region size 1024K, 29 young (29696K), 3 survivors (3072K)
 Metaspace       used 49757K, capacity 50921K, committed 51200K, reserved 1093632K
  class space    used 6343K, capacity 6785K, committed 6912K, reserved 1048576K
}
Event: 28.513 GC heap after
{Heap after GC invocations=25 (full 0):
 garbage-first heap   total 78848K, used 29104K [0x00000000c2600000, 0x0000000100000000)
  region size 1024K, 4 young (4096K), 4 survivors (4096K)
 Metaspace       used 49757K, capacity 50921K, committed 51200K, reserved 1093632K
  class space    used 6343K, capacity 6785K, committed 6912K, reserved 1048576K
}
Event: 29.679 GC heap before
{Heap before GC invocations=25 (full 0):
 garbage-first heap   total 78848K, used 61872K [0x00000000c2600000, 0x0000000100000000)
  region size 1024K, 36 young (36864K), 4 survivors (4096K)
 Metaspace       used 51183K, capacity 52375K, committed 52608K, reserved 1095680K
  class space    used 6502K, capacity 6964K, committed 7040K, reserved 1048576K
}
Event: 29.692 GC heap after
{Heap after GC invocations=26 (full 0):
 garbage-first heap   total 78848K, used 31995K [0x00000000c2600000, 0x0000000100000000)
  region size 1024K, 5 young (5120K), 5 survivors (5120K)
 Metaspace       used 51183K, capacity 52375K, committed 52608K, reserved 1095680K
  class space    used 6502K, capacity 6964K, committed 7040K, reserved 1048576K
}
Event: 154.496 GC heap before
{Heap before GC invocations=26 (full 0):
 garbage-first heap   total 78848K, used 62715K [0x00000000c2600000, 0x0000000100000000)
  region size 1024K, 35 young (35840K), 5 survivors (5120K)
 Metaspace       used 55474K, capacity 56800K, committed 57088K, reserved 1099776K
  class space    used 7086K, capacity 7579K, committed 7680K, reserved 1048576K
}
Event: 154.584 GC heap after
{Heap after GC invocations=27 (full 0):
 garbage-first heap   total 78848K, used 33924K [0x00000000c2600000, 0x0000000100000000)
  region size 1024K, 5 young (5120K), 5 survivors (5120K)
 Metaspace       used 55474K, capacity 56800K, committed 57088K, reserved 1099776K
  class space    used 7086K, capacity 7579K, committed 7680K, reserved 1048576K
}
Event: 965.995 GC heap before
{Heap before GC invocations=27 (full 0):
 garbage-first heap   total 78848K, used 61572K [0x00000000c2600000, 0x0000000100000000)
  region size 1024K, 33 young (33792K), 5 survivors (5120K)
 Metaspace       used 58272K, capacity 59693K, committed 59904K, reserved 1101824K
  class space    used 7389K, capacity 7914K, committed 7936K, reserved 1048576K
}
Event: 966.479 GC heap after
{Heap after GC invocations=28 (full 0):
 garbage-first heap   total 78848K, used 35414K [0x00000000c2600000, 0x0000000100000000)
  region size 1024K, 4 young (4096K), 4 survivors (4096K)
 Metaspace       used 58272K, capacity 59693K, committed 59904K, reserved 1101824K
  class space    used 7389K, capacity 7914K, committed 7936K, reserved 1048576K
}

