# JRE version: Java(TM) SE Runtime Environment (14.0.1+7) (build 14.0.1+7)
# Java VM: Java HotSpot(TM) 64-Bit Server VM (14.0.1+7, mixed mode, sharing, tiered, compressed oops, g1 gc, windows-amd64)
Heap:
 garbage-first heap   total 54272K, used 30509K [0x00000000c2600000, 0x0000000100000000)
  region size 1024K, 10 young (10240K), 3 survivors (3072K)
 Metaspace       used 46091K, capacity 47340K, committed 47440K, reserved 1089536K
  class space    used 6141K, capacity 6620K, committed 6656K, reserved 1048576K
GC Heap History (20 events):
Event: 20.606 GC heap before
{Heap before GC invocations=14 (full 0):
 garbage-first heap   total 45056K, used 34592K [0x00000000c2600000, 0x0000000100000000)
  region size 1024K, 19 young (19456K), 3 survivors (3072K)
 Metaspace       used 31776K, capacity 32606K, committed 32816K, reserved 1077248K
  class space    used 4039K, capacity 4362K, committed 4480K, reserved 1048576K
}
Event: 20.617 GC heap after
{Heap after GC invocations=15 (full 0):
 garbage-first heap   total 45056K, used 18340K [0x00000000c2600000, 0x0000000100000000)
  region size 1024K, 2 young (2048K), 2 survivors (2048K)
 Metaspace       used 31776K, capacity 32606K, committed 32816K, reserved 1077248K
  class space    used 4039K, capacity 4362K, committed 4480K, reserved 1048576K
}
Event: 21.740 GC heap before
{Heap before GC invocations=15 (full 0):
 garbage-first heap   total 45056K, used 34724K [0x00000000c2600000, 0x0000000100000000)
  region size 1024K, 19 young (19456K), 2 survivors (2048K)
 Metaspace       used 33352K, capacity 34315K, committed 34608K, reserved 1079296K
  class space    used 4271K, capacity 4641K, committed 4736K, reserved 1048576K
}
Event: 21.750 GC heap after
{Heap after GC invocations=16 (full 0):
 garbage-first heap   total 45056K, used 18550K [0x00000000c2600000, 0x0000000100000000)
  region size 1024K, 2 young (2048K), 2 survivors (2048K)
 Metaspace       used 33352K, capacity 34315K, committed 34608K, reserved 1079296K
  class space    used 4271K, capacity 4641K, committed 4736K, reserved 1048576K
}
Event: 22.457 GC heap before
{Heap before GC invocations=16 (full 0):
 garbage-first heap   total 45056K, used 35958K [0x00000000c2600000, 0x0000000100000000)
  region size 1024K, 19 young (19456K), 2 survivors (2048K)
 Metaspace       used 34656K, capacity 35656K, committed 35760K, reserved 1081344K
  class space    used 4439K, capacity 4812K, committed 4864K, reserved 1048576K
}
Event: 22.469 GC heap after
{Heap after GC invocations=17 (full 0):
 garbage-first heap   total 45056K, used 19439K [0x00000000c2600000, 0x0000000100000000)
  region size 1024K, 2 young (2048K), 2 survivors (2048K)
 Metaspace       used 34656K, capacity 35656K, committed 35760K, reserved 1081344K
  class space    used 4439K, capacity 4812K, committed 4864K, reserved 1048576K
}
Event: 22.967 GC heap before
{Heap before GC invocations=17 (full 0):
 garbage-first heap   total 45056K, used 31727K [0x00000000c2600000, 0x0000000100000000)
  region size 1024K, 15 young (15360K), 2 survivors (2048K)
 Metaspace       used 34843K, capacity 35821K, committed 35920K, reserved 1081344K
  class space    used 4462K, capacity 4845K, committed 4864K, reserved 1048576K
}
Event: 22.976 GC heap after
{Heap after GC invocations=18 (full 0):
 garbage-first heap   total 45056K, used 19504K [0x00000000c2600000, 0x0000000100000000)
  region size 1024K, 2 young (2048K), 2 survivors (2048K)
 Metaspace       used 34843K, capacity 35821K, committed 35920K, reserved 1081344K
  class space    used 4462K, capacity 4845K, committed 4864K, reserved 1048576K
}
Event: 23.775 GC heap before
{Heap before GC invocations=19 (full 0):
 garbage-first heap   total 45056K, used 34864K [0x00000000c2600000, 0x0000000100000000)
  region size 1024K, 17 young (17408K), 2 survivors (2048K)
 Metaspace       used 36222K, capacity 37238K, committed 37456K, reserved 1081344K
  class space    used 4682K, capacity 5083K, committed 5120K, reserved 1048576K
}
Event: 23.786 GC heap after
{Heap after GC invocations=20 (full 0):
 garbage-first heap   total 45056K, used 19779K [0x00000000c2600000, 0x0000000100000000)
  region size 1024K, 2 young (2048K), 2 survivors (2048K)
 Metaspace       used 36222K, capacity 37238K, committed 37456K, reserved 1081344K
  class space    used 4682K, capacity 5083K, committed 5120K, reserved 1048576K
}
Event: 24.527 GC heap before
{Heap before GC invocations=20 (full 0):
 garbage-first heap   total 45056K, used 36163K [0x00000000c2600000, 0x0000000100000000)
  region size 1024K, 18 young (18432K), 2 survivors (2048K)
 Metaspace       used 38351K, capacity 39376K, committed 39632K, reserved 1083392K
  class space    used 4985K, capacity 5387K, committed 5504K, reserved 1048576K
}
Event: 24.539 GC heap after
{Heap after GC invocations=21 (full 0):
 garbage-first heap   total 45056K, used 20502K [0x00000000c2600000, 0x0000000100000000)
  region size 1024K, 2 young (2048K), 2 survivors (2048K)
 Metaspace       used 38351K, capacity 39376K, committed 39632K, reserved 1083392K
  class space    used 4985K, capacity 5387K, committed 5504K, reserved 1048576K
}
Event: 25.043 GC heap before
{Heap before GC invocations=21 (full 0):
 garbage-first heap   total 45056K, used 35862K [0x00000000c2600000, 0x0000000100000000)
  region size 1024K, 18 young (18432K), 2 survivors (2048K)
 Metaspace       used 39283K, capacity 40360K, committed 40528K, reserved 1085440K
  class space    used 5097K, capacity 5519K, committed 5632K, reserved 1048576K
}
Event: 25.054 GC heap after
{Heap after GC invocations=22 (full 0):
 garbage-first heap   total 45056K, used 21025K [0x00000000c2600000, 0x0000000100000000)
  region size 1024K, 2 young (2048K), 2 survivors (2048K)
 Metaspace       used 39283K, capacity 40360K, committed 40528K, reserved 1085440K
  class space    used 5097K, capacity 5519K, committed 5632K, reserved 1048576K
}
Event: 25.696 GC heap before
{Heap before GC invocations=22 (full 0):
 garbage-first heap   total 45056K, used 36385K [0x00000000c2600000, 0x0000000100000000)
  region size 1024K, 17 young (17408K), 2 survivors (2048K)
 Metaspace       used 40957K, capacity 42031K, committed 42192K, reserved 1085440K
  class space    used 5365K, capacity 5752K, committed 5760K, reserved 1048576K
}
Event: 25.707 GC heap after
{Heap after GC invocations=23 (full 0):
 garbage-first heap   total 54272K, used 21620K [0x00000000c2600000, 0x0000000100000000)
  region size 1024K, 2 young (2048K), 2 survivors (2048K)
 Metaspace       used 40957K, capacity 42031K, committed 42192K, reserved 1085440K
  class space    used 5365K, capacity 5752K, committed 5760K, reserved 1048576K
}
Event: 26.822 GC heap before
{Heap before GC invocations=24 (full 0):
 garbage-first heap   total 54272K, used 44148K [0x00000000c2600000, 0x0000000100000000)
  region size 1024K, 24 young (24576K), 2 survivors (2048K)
 Metaspace       used 42886K, capacity 43969K, committed 44112K, reserved 1087488K
  class space    used 5720K, capacity 6119K, committed 6144K, reserved 1048576K
}
Event: 26.830 GC heap after
{Heap after GC invocations=25 (full 0):
 garbage-first heap   total 54272K, used 22780K [0x00000000c2600000, 0x0000000100000000)
  region size 1024K, 3 young (3072K), 3 survivors (3072K)
 Metaspace       used 42886K, capacity 43969K, committed 44112K, reserved 1087488K
  class space    used 5720K, capacity 6119K, committed 6144K, reserved 1048576K
}
Event: 28.303 GC heap before
{Heap before GC invocations=25 (full 0):
 garbage-first heap   total 54272K, used 44284K [0x00000000c2600000, 0x0000000100000000)
  region size 1024K, 24 young (24576K), 3 survivors (3072K)
 Metaspace       used 45252K, capacity 46460K, committed 46544K, reserved 1089536K
  class space    used 6051K, capacity 6522K, committed 6528K, reserved 1048576K
}
Event: 28.313 GC heap after
{Heap after GC invocations=26 (full 0):
 garbage-first heap   total 54272K, used 24365K [0x00000000c2600000, 0x0000000100000000)
  region size 1024K, 3 young (3072K), 3 survivors (3072K)
 Metaspace       used 45252K, capacity 46460K, committed 46544K, reserved 1089536K
  class space    used 6051K, capacity 6522K, committed 6528K, reserved 1048576K
}

